2025-10-31 05:48:06 [INFO] swan.Westport: 🌀 Preparing wind data between 2021-10-30 00:00:00 and 2021-11-08 00:00:00
2025-10-31 05:48:06 [INFO] swan.Westport: 💾 Output file: /media/o2met/Project/swanpipe/prepcases/Westport_202111010000_202111060000/Barrac2_2021_10_30_0000_to_2021_11_08_0000.dat
2025-10-31 05:48:07 [INFO] swan.Westport: Lon/lat slice resolution: dx=0.04000°, dy=0.04000°
2025-10-31 05:48:07 [INFO] swan.Westport: Target EPSG:7850 resolution: dx=3758.4 m, dy=4434.6 m
2025-10-31 05:48:07 [INFO] swan.Westport: New projected grid: nx=23, ny=27
2025-10-31 05:48:11 [INFO] swan.Westport: ✅ Interpolated wind data: 217 timesteps, 23 x 27 grid starting/reso as 338532.62917465915, 6403976.356402224, 3758.396647814071, 4434.554447237328, 23, 27
2025-10-31 05:48:11 [INFO] swan.Westport: 💨 SWAN wind file written: Barrac2_2021_10_30_0000_to_2021_11_08_0000.dat
2025-10-31 05:48:11 [INFO] swan.Westport: Preparing SWAN run folder: /media/o2met/Project/swanpipe/prepcases/Westport_202111010000_202111060000
2025-10-31 05:48:12 [INFO] swan.Westport: Preparing SWAN .swn file
2025-10-31 05:48:12 [WARNING] swan.Westport: No boundary_list.txt found or not enabled
2025-10-31 05:48:12 [INFO] swan.Westport: Included Barrac2_2021_10_30_0000_to_2021_11_08_0000.dat wind file
2025-10-31 05:48:12 [INFO] swan.Westport: SWAN input file written → /media/o2met/Project/swanpipe/prepcases/Westport_202111010000_202111060000/Westport.swn
2025-10-31 05:48:12 [INFO] swan.Westport: Starting SWAN for project: Westport
2025-10-31 05:48:12 [INFO] swan.Westport: Simulation period: 2021-11-01_00-00 → 2021-11-06_00-00
2025-10-31 05:48:12 [INFO] swan.Westport: Working directory: /media/o2met/Project/swanpipe/prepcases/Westport_202111010000_202111060000
2025-10-31 05:48:12 [INFO] swan.Westport: Command: /usr/bin/time -p ./swanrun -input Westport -omp 88
2025-10-31 06:59:06 [INFO] swan.Westport: Reading SWAN spectrum file: /media/o2met/Project/swanpipe/prepcases/Westport_202111010000_202111060000/Westport.spec
2025-10-31 06:59:06 [WARNING] swan.Westport: ⚠ Target time 2021-11-05 23:00:00 not found in SWAN file.
2025-10-31 07:24:14 [INFO] swan.Westport: SWAN finished successfully in 96.04 minutes.
2025-10-31 07:24:14 [INFO] swan.Westport: ▶ Starting post-processing for Westport
2025-10-31 07:24:14 [INFO] swan.Westport: ✅ Using VTU file: Westport_120.vtu for time 2021-11-05 23:00:00
2025-10-31 07:24:22 [INFO] swan.Westport: ✅ Post-processing completed successfully. Figure saved as Westport_wave_fields_120_20211105230000.png
2025-10-31 07:24:22 [INFO] swan.Westport: Reading SWAN output from /media/o2met/Project/swanpipe/prepcases/Westport_202111010000_202111060000/Westport.tab
2025-10-31 07:24:22 [INFO] swan.Westport: SWAN output read successfully for 121 timesteps, using location 1 of 12
2025-10-31 07:24:22 [INFO] swan.Westport: Reading observation files
2025-10-31 07:24:23 [INFO] swan.Westport: Filtered observation data to 240 points between 2021-11-01 00:00:00 and 2021-11-06 00:00:00: note that hs/tp is for total, dir is for swell
2025-10-31 07:24:23 [INFO] swan.Westport: Merging model and observation datasets by time
2025-10-31 07:24:23 [INFO] swan.Westport: Skill metrics for Hs: Bias=-2.267, RMSE=2.302, MAE=2.267, SI=0.844, Corr=0.237, Willmott=0.217, RelBias(%)=-83.084
2025-10-31 07:24:23 [INFO] swan.Westport: Skill metrics for Tp: Bias=-9.278, RMSE=9.358, MAE=9.278, SI=0.755, Corr=0.559, Willmott=0.221, RelBias(%)=-74.837
2025-10-31 07:24:23 [INFO] swan.Westport: Skill metrics for Dir: Bias=-87.942, RMSE=91.142, MAE=87.942, SI=0.370, Corr=0.020, Willmott=0.089, RelBias(%)=-35.697
2025-10-31 07:24:23 [INFO] swan.Westport: ✅ Validation figure saved: /media/o2met/Project/swanpipe/postprocess/Westport_202111010000_202111060000/SWAN_Validation_Rottnest.png
2025-10-31 07:24:23 [INFO] swan.Westport: ✅ Validation process completed successfully
2025-10-31 07:24:23 [INFO] swan.Westport: 🔹 Reading SWAN wind output
2025-10-31 07:24:23 [INFO] swan.Westport: SWAN wind data read successfully for 121 timesteps
2025-10-31 07:24:23 [INFO] swan.Westport: 🔹 Reading BoM wind file: /media/o2met/Project/swanpipe/obsdata/BOM/ROTTNEST.nc
2025-10-31 07:24:28 [INFO] swan.Westport: BoM wind data loaded with 15123755 records
2025-10-31 07:24:28 [INFO] swan.Westport: BoM data subsetted to SWAN time range: 7201 records
2025-10-31 07:24:28 [INFO] swan.Westport: ✅ Comparison plot saved: /media/o2met/Project/swanpipe/postprocess/Westport_202111010000_202111060000/SWAN_vs_BoM_Wind_ROTTNEST.png
2025-10-31 07:24:28 [INFO] swan.Westport: Reading SWAN spectrum file: /media/o2met/Project/swanpipe/prepcases/Westport_202111010000_202111060000/Westport.spec
2025-10-31 07:24:29 [INFO] swan.Westport: ✅ Found matching time step: 2021-11-05 23:00:00
2025-10-31 07:24:29 [INFO] swan.Westport: ✅ 1D spectrum saved: /media/o2met/Project/swanpipe/postprocess/Westport_202111010000_202111060000/Westport_Rottnest_20211105.230000_spec1D.png
2025-10-31 07:24:29 [INFO] swan.Westport: Reading SWAN spectrum file: /media/o2met/Project/swanpipe/prepcases/Westport_202111010000_202111060000/Westport.spec
2025-10-31 07:24:29 [INFO] swan.Westport: ✅ Found matching time step: 2021-11-05 23:00:00
2025-10-31 07:24:29 [INFO] swan.Westport: ✅ 2D spectrum saved: /media/o2met/Project/swanpipe/postprocess/Westport_202111010000_202111060000/Westport_Rottnest_20211105.230000_spec2D.png
2025-10-31 07:24:29 [INFO] swan.Westport: Reading SWAN spectrum file: /media/o2met/Project/swanpipe/prepcases/Westport_202111010000_202111060000/Westport.spec
2025-10-31 07:24:29 [INFO] swan.Westport: ✅ Found matching SWAN time step: 2021-11-05 23:00:00
2025-10-31 07:24:29 [INFO] swan.Westport: 📘 Closest observed file: 2021-11-05T23h13.dat (Δt = 13.0 min)
2025-10-31 07:24:29 [INFO] swan.Westport: ✅ Comparison plot saved: /media/o2met/Project/swanpipe/postprocess/Westport_202111010000_202111060000/Westport_Rottnest_2021-11-05 23:00:00_spec1D_compare_normalized.png
2025-10-31 07:24:29 [INFO] swan.Westport: Reading SWAN spectrum: /media/o2met/Project/swanpipe/prepcases/Westport_202111010000_202111060000/Westport.spec
2025-10-31 07:24:30 [INFO] swan.Westport: Closest observed file: 2021-11-05T23h13.dat (Δt=13.0 min)
2025-10-31 07:24:30 [INFO] swan.Westport: ✅ 2D comparison plot saved: /media/o2met/Project/swanpipe/postprocess/Westport_202111010000_202111060000/Westport_Rottnest_20211105.230000_spec2D_compare.png
2025-10-31 07:35:11 [INFO] swan.Westport: 🔹 Reading SWAN wind output
2025-10-31 07:35:11 [INFO] swan.Westport: SWAN wind data read successfully for 121 timesteps
2025-10-31 07:35:11 [INFO] swan.Westport: 🔹 Reading BoM wind file: /media/o2met/Project/swanpipe/obsdata/BOM/ROTTNEST.nc
2025-10-31 07:35:15 [INFO] swan.Westport: BoM wind data loaded with 15123755 records
2025-10-31 07:35:15 [INFO] swan.Westport: BoM data subsetted to SWAN time range: 7201 records
2025-10-31 07:35:16 [INFO] swan.Westport: ✅ Comparison plot saved: /media/o2met/Project/swanpipe/postprocess/Westport_202111010000_202111060000/SWAN_vs_BoM_Wind_ROTTNEST.png
2025-10-31 07:39:57 [INFO] swan.Westport: Reading SWAN spectrum file: /media/o2met/Project/swanpipe/prepcases/Westport_202111010000_202111060000/Westport.spec
2025-10-31 07:39:57 [INFO] swan.Westport: ✅ Found matching SWAN time step: 2021-11-05 23:00:00
2025-10-31 07:39:57 [INFO] swan.Westport: SWAN_Hs from spectrum: 0.08163993411062105
2025-10-31 07:39:57 [INFO] swan.Westport: 📘 Closest observed file: 2021-11-05T23h13.dat (Δt = 13.0 min)
2025-10-31 07:39:57 [INFO] swan.Westport: obs_hs from spectrum: 2.5515096143915468
2025-10-31 07:39:57 [INFO] swan.Westport: ✅ Comparison plot saved: /media/o2met/Project/swanpipe/postprocess/Westport_202111010000_202111060000/Westport_Rottnest_2021-11-05 23:00:00_spec1D_compare.png
