2025-11-02 08:48:13 [INFO] swan.Westport: 🌀 Preparing wind data between 2021-09-29 00:00:00 and 2021-11-12 11:00:00
2025-11-02 08:48:13 [INFO] swan.Westport: 💾 Output file: /media/o2met/Project/swanpipe/prepcases/Westport_202110010000_202111101100/Barrac2_corrected_2021_09_29_0000_to_2021_11_12_1100.dat
2025-11-02 08:48:45 [INFO] swan.Westport: ✅ Comparison BARRAC2 vs BoM wind saved: /media/o2met/Project/swanpipe/postprocess/Westport_202110010000_202111101100/BARRAC2_vs_BoM_Wind_multi.png
2025-11-02 08:48:46 [INFO] swan.Westport: ✅ Wind field speed & direction plot saved: /media/o2met/Project/swanpipe/postprocess/Westport_202110010000_202111101100/WindField_correction_2021-11-12 11:00:00.png
2025-11-02 08:48:46 [INFO] swan.Westport: ✅ Corrected SWAN wind file written: Barrac2_corrected_2021_09_29_0000_to_2021_11_12_1100.dat
2025-11-02 08:48:46 [INFO] swan.Westport: ✅ Read 327 open boundary nodes from fort.14
2025-11-02 08:48:47 [INFO] swan.Westport: ✅ Selected 50 evenly spaced boundary nodes
2025-11-02 08:48:47 [INFO] swan.Westport: ✅ Found 43 NetCDF files covering requested period
2025-11-02 08:50:22 [INFO] swan.Westport: 🟢 Saved node_23658_dist_601.24m.txt
2025-11-02 08:50:22 [INFO] swan.Westport: 🟢 Saved node_85308_dist_2405.15m.txt
2025-11-02 08:50:22 [INFO] swan.Westport: 🟢 Saved node_86684_dist_4810.32m.txt
2025-11-02 08:50:22 [INFO] swan.Westport: 🟢 Saved node_99101_dist_7616.35m.txt
2025-11-02 08:50:22 [INFO] swan.Westport: 🟢 Saved node_88531_dist_10021.56m.txt
2025-11-02 08:50:22 [INFO] swan.Westport: 🟢 Saved node_64386_dist_12827.63m.txt
2025-11-02 08:50:22 [INFO] swan.Westport: 🟢 Saved node_65079_dist_15232.89m.txt
2025-11-02 08:50:22 [INFO] swan.Westport: 🟢 Saved node_99444_dist_18039.01m.txt
2025-11-02 08:50:22 [INFO] swan.Westport: 🟢 Saved node_65373_dist_21429.75m.txt
2025-11-02 08:50:22 [INFO] swan.Westport: 🟢 Saved node_65412_dist_24781.65m.txt
2025-11-02 08:50:22 [INFO] swan.Westport: 🟢 Saved node_99310_dist_27388.14m.txt
2025-11-02 08:50:22 [INFO] swan.Westport: 🟢 Saved node_64376_dist_31243.91m.txt
2025-11-02 08:50:22 [INFO] swan.Westport: 🟢 Saved node_65299_dist_34038.03m.txt
2025-11-02 08:50:22 [INFO] swan.Westport: 🟢 Saved node_65483_dist_37530.62m.txt
2025-11-02 08:50:22 [INFO] swan.Westport: 🟢 Saved node_88367_dist_40674.00m.txt
2025-11-02 08:50:22 [INFO] swan.Westport: 🟢 Saved node_99290_dist_43118.90m.txt
2025-11-02 08:50:22 [INFO] swan.Westport: 🟢 Saved node_64669_dist_46262.19m.txt
2025-11-02 08:50:22 [INFO] swan.Westport: 🟢 Saved node_65073_dist_48707.11m.txt
2025-11-02 08:50:22 [INFO] swan.Westport: 🟢 Saved node_102097_dist_52898.27m.txt
2025-11-02 08:50:22 [INFO] swan.Westport: 🟢 Saved node_99187_dist_56740.32m.txt
2025-11-02 08:50:23 [INFO] swan.Westport: 🟢 Saved node_99279_dist_60582.27m.txt
2025-11-02 08:50:23 [INFO] swan.Westport: 🟢 Saved node_64680_dist_64075.00m.txt
2025-11-02 08:50:23 [INFO] swan.Westport: 🟢 Saved node_87401_dist_66519.98m.txt
2025-11-02 08:50:23 [INFO] swan.Westport: 🟢 Saved node_29331_dist_68964.86m.txt
2025-11-02 08:50:23 [INFO] swan.Westport: 🟢 Saved node_61825_dist_71409.86m.txt
2025-11-02 08:50:23 [INFO] swan.Westport: 🟢 Saved node_99090_dist_73505.50m.txt
2025-11-02 08:50:23 [INFO] swan.Westport: 🟢 Saved node_29476_dist_76299.78m.txt
2025-11-02 08:50:23 [INFO] swan.Westport: 🟢 Saved node_63328_dist_78395.43m.txt
2025-11-02 08:50:23 [INFO] swan.Westport: 🟢 Saved node_64351_dist_82237.50m.txt
2025-11-02 08:50:23 [INFO] swan.Westport: 🟢 Saved node_87993_dist_85031.81m.txt
2025-11-02 08:50:23 [INFO] swan.Westport: 🟢 Saved node_86588_dist_88524.65m.txt
2025-11-02 08:50:23 [INFO] swan.Westport: 🟢 Saved node_99143_dist_91668.24m.txt
2025-11-02 08:50:23 [INFO] swan.Westport: 🟢 Saved node_99377_dist_95161.11m.txt
2025-11-02 08:50:23 [INFO] swan.Westport: 🟢 Saved node_86595_dist_97955.47m.txt
2025-11-02 08:50:23 [INFO] swan.Westport: 🟢 Saved node_63701_dist_100749.72m.txt
2025-11-02 08:50:23 [INFO] swan.Westport: 🟢 Saved node_63812_dist_104592.02m.txt
2025-11-02 08:50:23 [INFO] swan.Westport: 🟢 Saved node_63864_dist_108084.96m.txt
2025-11-02 08:50:23 [INFO] swan.Westport: 🟢 Saved node_63881_dist_112276.46m.txt
2025-11-02 08:50:23 [INFO] swan.Westport: 🟢 Saved node_87755_dist_115070.88m.txt
2025-11-02 08:50:23 [INFO] swan.Westport: 🟢 Saved node_87752_dist_118664.68m.txt
2025-11-02 08:50:23 [INFO] swan.Westport: 🟢 Saved node_64134_dist_121745.06m.txt
2025-11-02 08:50:23 [INFO] swan.Westport: 🟢 Saved node_87799_dist_125338.78m.txt
2025-11-02 08:50:23 [INFO] swan.Westport: 🟢 Saved node_64252_dist_128419.00m.txt
2025-11-02 08:50:23 [INFO] swan.Westport: 🟢 Saved node_98928_dist_131242.59m.txt
2025-11-02 08:50:23 [INFO] swan.Westport: 🟢 Saved node_63190_dist_134066.16m.txt
2025-11-02 08:50:23 [INFO] swan.Westport: 🟢 Saved node_87613_dist_137146.29m.txt
2025-11-02 08:50:23 [INFO] swan.Westport: 🟢 Saved node_29506_dist_139713.13m.txt
2025-11-02 08:50:24 [INFO] swan.Westport: 🟢 Saved node_29313_dist_143049.97m.txt
2025-11-02 08:50:24 [INFO] swan.Westport: 🟢 Saved node_84536_dist_145103.33m.txt
2025-11-02 08:50:24 [INFO] swan.Westport: 🟢 Saved node_24150_dist_147561.81m.txt
2025-11-02 08:50:24 [INFO] swan.Westport: ✅ Boundary list saved: /media/o2met/Project/swanpipe/prepcases/Westport_202110010000_202111101100/boundary_list.txt
2025-11-02 08:50:24 [INFO] swan.Westport: ✅ Saved coordinates: /media/o2met/Project/swanpipe/prepcases/Westport_202110010000_202111101100/selected_node_coords.txt
2025-11-02 08:50:24 [INFO] swan.Westport: Preparing SWAN run folder: /media/o2met/Project/swanpipe/prepcases/Westport_202110010000_202111101100
2025-11-02 08:50:24 [INFO] swan.Westport: Preparing SWAN .swn file
2025-11-02 08:50:24 [INFO] swan.Westport: Included 50 boundary files from boundary_list.txt
2025-11-02 08:50:24 [WARNING] swan.Westport: No wind file found or not enabled
2025-11-02 08:50:24 [INFO] swan.Westport: SWAN input file written → /media/o2met/Project/swanpipe/prepcases/Westport_202110010000_202111101100/Westport.swn
2025-11-02 08:50:24 [INFO] swan.Westport: Starting SWAN for project: Westport
2025-11-02 08:50:24 [INFO] swan.Westport: Simulation period: 2021-10-01_00-00 → 2021-11-10_11-00
2025-11-02 08:50:24 [INFO] swan.Westport: Working directory: /media/o2met/Project/swanpipe/prepcases/Westport_202110010000_202111101100
2025-11-02 08:50:24 [INFO] swan.Westport: Command: /usr/bin/time -p ./swanrun -input Westport -omp 88
2025-11-02 08:52:54 [INFO] swan.Westport: 🌀 Preparing wind data between 2021-09-29 00:00:00 and 2021-11-12 11:00:00
2025-11-02 08:52:54 [INFO] swan.Westport: 💾 Output file: /media/o2met/Project/swanpipe/prepcases/Westport_202110010000_202111101100/Barrac2_corrected_2021_09_29_0000_to_2021_11_12_1100.dat
2025-11-02 08:53:26 [INFO] swan.Westport: ✅ Comparison BARRAC2 vs BoM wind saved: /media/o2met/Project/swanpipe/postprocess/Westport_202110010000_202111101100/BARRAC2_vs_BoM_Wind_multi.png
2025-11-02 08:53:27 [INFO] swan.Westport: ✅ Wind field speed & direction plot saved: /media/o2met/Project/swanpipe/postprocess/Westport_202110010000_202111101100/WindField_correction_2021-11-12 11:00:00.png
2025-11-02 08:53:28 [INFO] swan.Westport: ✅ Corrected SWAN wind file written: Barrac2_corrected_2021_09_29_0000_to_2021_11_12_1100.dat
2025-11-02 08:53:28 [INFO] swan.Westport: ✅ Read 327 open boundary nodes from fort.14
2025-11-02 08:53:28 [INFO] swan.Westport: ✅ Selected 50 evenly spaced boundary nodes
2025-11-02 08:53:28 [INFO] swan.Westport: ✅ Found 43 NetCDF files covering requested period
2025-11-02 08:55:01 [INFO] swan.Westport: 🟢 Saved node_23658_dist_601.24m.txt
2025-11-02 08:55:01 [INFO] swan.Westport: 🟢 Saved node_85308_dist_2405.15m.txt
2025-11-02 08:55:01 [INFO] swan.Westport: 🟢 Saved node_86684_dist_4810.32m.txt
2025-11-02 08:55:01 [INFO] swan.Westport: 🟢 Saved node_99101_dist_7616.35m.txt
2025-11-02 08:55:01 [INFO] swan.Westport: 🟢 Saved node_88531_dist_10021.56m.txt
2025-11-02 08:55:01 [INFO] swan.Westport: 🟢 Saved node_64386_dist_12827.63m.txt
2025-11-02 08:55:01 [INFO] swan.Westport: 🟢 Saved node_65079_dist_15232.89m.txt
2025-11-02 08:55:01 [INFO] swan.Westport: 🟢 Saved node_99444_dist_18039.01m.txt
2025-11-02 08:55:01 [INFO] swan.Westport: 🟢 Saved node_65373_dist_21429.75m.txt
2025-11-02 08:55:01 [INFO] swan.Westport: 🟢 Saved node_65412_dist_24781.65m.txt
2025-11-02 08:55:02 [INFO] swan.Westport: 🟢 Saved node_99310_dist_27388.14m.txt
2025-11-02 08:55:02 [INFO] swan.Westport: 🟢 Saved node_64376_dist_31243.91m.txt
2025-11-02 08:55:02 [INFO] swan.Westport: 🟢 Saved node_65299_dist_34038.03m.txt
2025-11-02 08:55:02 [INFO] swan.Westport: 🟢 Saved node_65483_dist_37530.62m.txt
2025-11-02 08:55:02 [INFO] swan.Westport: 🟢 Saved node_88367_dist_40674.00m.txt
2025-11-02 08:55:02 [INFO] swan.Westport: 🟢 Saved node_99290_dist_43118.90m.txt
2025-11-02 08:55:02 [INFO] swan.Westport: 🟢 Saved node_64669_dist_46262.19m.txt
2025-11-02 08:55:02 [INFO] swan.Westport: 🟢 Saved node_65073_dist_48707.11m.txt
2025-11-02 08:55:02 [INFO] swan.Westport: 🟢 Saved node_102097_dist_52898.27m.txt
2025-11-02 08:55:02 [INFO] swan.Westport: 🟢 Saved node_99187_dist_56740.32m.txt
2025-11-02 08:55:02 [INFO] swan.Westport: 🟢 Saved node_99279_dist_60582.27m.txt
2025-11-02 08:55:02 [INFO] swan.Westport: 🟢 Saved node_64680_dist_64075.00m.txt
2025-11-02 08:55:02 [INFO] swan.Westport: 🟢 Saved node_87401_dist_66519.98m.txt
2025-11-02 08:55:02 [INFO] swan.Westport: 🟢 Saved node_29331_dist_68964.86m.txt
2025-11-02 08:55:02 [INFO] swan.Westport: 🟢 Saved node_61825_dist_71409.86m.txt
2025-11-02 08:55:02 [INFO] swan.Westport: 🟢 Saved node_99090_dist_73505.50m.txt
2025-11-02 08:55:02 [INFO] swan.Westport: 🟢 Saved node_29476_dist_76299.78m.txt
2025-11-02 08:55:02 [INFO] swan.Westport: 🟢 Saved node_63328_dist_78395.43m.txt
2025-11-02 08:55:02 [INFO] swan.Westport: 🟢 Saved node_64351_dist_82237.50m.txt
2025-11-02 08:55:02 [INFO] swan.Westport: 🟢 Saved node_87993_dist_85031.81m.txt
2025-11-02 08:55:02 [INFO] swan.Westport: 🟢 Saved node_86588_dist_88524.65m.txt
2025-11-02 08:55:02 [INFO] swan.Westport: 🟢 Saved node_99143_dist_91668.24m.txt
2025-11-02 08:55:02 [INFO] swan.Westport: 🟢 Saved node_99377_dist_95161.11m.txt
2025-11-02 08:55:02 [INFO] swan.Westport: 🟢 Saved node_86595_dist_97955.47m.txt
2025-11-02 08:55:02 [INFO] swan.Westport: 🟢 Saved node_63701_dist_100749.72m.txt
2025-11-02 08:55:02 [INFO] swan.Westport: 🟢 Saved node_63812_dist_104592.02m.txt
2025-11-02 08:55:03 [INFO] swan.Westport: 🟢 Saved node_63864_dist_108084.96m.txt
2025-11-02 08:55:03 [INFO] swan.Westport: 🟢 Saved node_63881_dist_112276.46m.txt
2025-11-02 08:55:03 [INFO] swan.Westport: 🟢 Saved node_87755_dist_115070.88m.txt
2025-11-02 08:55:03 [INFO] swan.Westport: 🟢 Saved node_87752_dist_118664.68m.txt
2025-11-02 08:55:03 [INFO] swan.Westport: 🟢 Saved node_64134_dist_121745.06m.txt
2025-11-02 08:55:03 [INFO] swan.Westport: 🟢 Saved node_87799_dist_125338.78m.txt
2025-11-02 08:55:03 [INFO] swan.Westport: 🟢 Saved node_64252_dist_128419.00m.txt
2025-11-02 08:55:03 [INFO] swan.Westport: 🟢 Saved node_98928_dist_131242.59m.txt
2025-11-02 08:55:03 [INFO] swan.Westport: 🟢 Saved node_63190_dist_134066.16m.txt
2025-11-02 08:55:03 [INFO] swan.Westport: 🟢 Saved node_87613_dist_137146.29m.txt
2025-11-02 08:55:03 [INFO] swan.Westport: 🟢 Saved node_29506_dist_139713.13m.txt
2025-11-02 08:55:03 [INFO] swan.Westport: 🟢 Saved node_29313_dist_143049.97m.txt
2025-11-02 08:55:03 [INFO] swan.Westport: 🟢 Saved node_84536_dist_145103.33m.txt
2025-11-02 08:55:03 [INFO] swan.Westport: 🟢 Saved node_24150_dist_147561.81m.txt
2025-11-02 08:55:03 [INFO] swan.Westport: ✅ Boundary list saved: /media/o2met/Project/swanpipe/prepcases/Westport_202110010000_202111101100/boundary_list.txt
2025-11-02 08:55:03 [INFO] swan.Westport: ✅ Saved coordinates: /media/o2met/Project/swanpipe/prepcases/Westport_202110010000_202111101100/selected_node_coords.txt
2025-11-02 08:55:03 [INFO] swan.Westport: Removing existing folder: /media/o2met/Project/swanpipe/prepcases/Westport_202110010000_202111101100/Westport_output
2025-11-02 08:55:03 [INFO] swan.Westport: Preparing SWAN run folder: /media/o2met/Project/swanpipe/prepcases/Westport_202110010000_202111101100
2025-11-02 08:55:04 [INFO] swan.Westport: Preparing SWAN .swn file
2025-11-02 08:55:04 [INFO] swan.Westport: Included 50 boundary files from boundary_list.txt
2025-11-02 08:55:04 [INFO] swan.Westport: Included Barrac2_corrected_2021_09_29_0000_to_2021_11_12_1100.dat wind file
2025-11-02 08:55:04 [INFO] swan.Westport: SWAN input file written → /media/o2met/Project/swanpipe/prepcases/Westport_202110010000_202111101100/Westport.swn
2025-11-02 08:55:04 [INFO] swan.Westport: Starting SWAN for project: Westport
2025-11-02 08:55:04 [INFO] swan.Westport: Simulation period: 2021-10-01_00-00 → 2021-11-10_11-00
2025-11-02 08:55:04 [INFO] swan.Westport: Working directory: /media/o2met/Project/swanpipe/prepcases/Westport_202110010000_202111101100
2025-11-02 08:55:04 [INFO] swan.Westport: Command: /usr/bin/time -p ./swanrun -input Westport -omp 88
