2025-10-20 05:59:56 [INFO] swan.Westport: 🌀 Preparing wind data between 2021-06-03 00:00:00 and 2021-06-18 00:00:00
2025-10-20 05:59:56 [INFO] swan.Westport: 💾 Output file: /media/o2met/Project/swanpipe/prepcases/Westport_202106050000_202106160000/Barrac2_2021_06_03_0000_to_2021_06_18_0000.dat
2025-10-20 05:59:57 [INFO] swan.Westport: Lon/lat slice resolution: dx=0.04000°, dy=0.04000°
2025-10-20 05:59:57 [INFO] swan.Westport: Target EPSG:7850 resolution: dx=3758.4 m, dy=4434.6 m
2025-10-20 05:59:57 [INFO] swan.Westport: New projected grid: nx=23, ny=27
2025-10-20 06:00:02 [INFO] swan.Westport: ✅ Interpolated wind data: 361 timesteps, 23 x 27 grid starting/reso as 338532.62917465915, 6403976.356402224, 3758.396647814071, 4434.554447237328, 23, 27
2025-10-20 06:00:02 [INFO] swan.Westport: 💨 SWAN wind file written: Barrac2_2021_06_03_0000_to_2021_06_18_0000.dat
2025-10-20 06:00:02 [INFO] swan.Westport: ✅ Read 327 open boundary nodes from fort.14
2025-10-20 06:00:03 [INFO] swan.Westport: ✅ Selected 50 evenly spaced boundary nodes
2025-10-20 06:00:03 [INFO] swan.Westport: ✅ Found 14 NetCDF files covering requested period
2025-10-20 06:00:36 [INFO] swan.Westport: 🟢 Saved node_23658_dist_601.24m.txt
2025-10-20 06:00:36 [INFO] swan.Westport: 🟢 Saved node_85308_dist_2405.15m.txt
2025-10-20 06:00:36 [INFO] swan.Westport: 🟢 Saved node_86684_dist_4810.32m.txt
2025-10-20 06:00:36 [INFO] swan.Westport: 🟢 Saved node_99101_dist_7616.35m.txt
2025-10-20 06:00:36 [INFO] swan.Westport: 🟢 Saved node_88531_dist_10021.56m.txt
2025-10-20 06:00:36 [INFO] swan.Westport: 🟢 Saved node_64386_dist_12827.63m.txt
2025-10-20 06:00:36 [INFO] swan.Westport: 🟢 Saved node_65079_dist_15232.89m.txt
2025-10-20 06:00:36 [INFO] swan.Westport: 🟢 Saved node_99444_dist_18039.01m.txt
2025-10-20 06:00:36 [INFO] swan.Westport: 🟢 Saved node_65373_dist_21429.75m.txt
2025-10-20 06:00:36 [INFO] swan.Westport: 🟢 Saved node_65412_dist_24781.65m.txt
2025-10-20 06:00:36 [INFO] swan.Westport: 🟢 Saved node_99310_dist_27388.14m.txt
2025-10-20 06:00:36 [INFO] swan.Westport: 🟢 Saved node_64376_dist_31243.91m.txt
2025-10-20 06:00:36 [INFO] swan.Westport: 🟢 Saved node_65299_dist_34038.03m.txt
2025-10-20 06:00:36 [INFO] swan.Westport: 🟢 Saved node_65483_dist_37530.62m.txt
2025-10-20 06:00:36 [INFO] swan.Westport: 🟢 Saved node_88367_dist_40674.00m.txt
2025-10-20 06:00:37 [INFO] swan.Westport: 🟢 Saved node_99290_dist_43118.90m.txt
2025-10-20 06:00:37 [INFO] swan.Westport: 🟢 Saved node_64669_dist_46262.19m.txt
2025-10-20 06:00:37 [INFO] swan.Westport: 🟢 Saved node_65073_dist_48707.11m.txt
2025-10-20 06:00:37 [INFO] swan.Westport: 🟢 Saved node_102097_dist_52898.27m.txt
2025-10-20 06:00:37 [INFO] swan.Westport: 🟢 Saved node_99187_dist_56740.32m.txt
2025-10-20 06:00:37 [INFO] swan.Westport: 🟢 Saved node_99279_dist_60582.27m.txt
2025-10-20 06:00:37 [INFO] swan.Westport: 🟢 Saved node_64680_dist_64075.00m.txt
2025-10-20 06:00:37 [INFO] swan.Westport: 🟢 Saved node_87401_dist_66519.98m.txt
2025-10-20 06:00:37 [INFO] swan.Westport: 🟢 Saved node_29331_dist_68964.86m.txt
2025-10-20 06:00:37 [INFO] swan.Westport: 🟢 Saved node_61825_dist_71409.86m.txt
2025-10-20 06:00:37 [INFO] swan.Westport: 🟢 Saved node_99090_dist_73505.50m.txt
2025-10-20 06:00:37 [INFO] swan.Westport: 🟢 Saved node_29476_dist_76299.78m.txt
2025-10-20 06:00:37 [INFO] swan.Westport: 🟢 Saved node_63328_dist_78395.43m.txt
2025-10-20 06:00:37 [INFO] swan.Westport: 🟢 Saved node_64351_dist_82237.50m.txt
2025-10-20 06:00:37 [INFO] swan.Westport: 🟢 Saved node_87993_dist_85031.81m.txt
2025-10-20 06:00:37 [INFO] swan.Westport: 🟢 Saved node_86588_dist_88524.65m.txt
2025-10-20 06:00:37 [INFO] swan.Westport: 🟢 Saved node_99143_dist_91668.24m.txt
2025-10-20 06:00:37 [INFO] swan.Westport: 🟢 Saved node_99377_dist_95161.11m.txt
2025-10-20 06:00:37 [INFO] swan.Westport: 🟢 Saved node_86595_dist_97955.47m.txt
2025-10-20 06:00:37 [INFO] swan.Westport: 🟢 Saved node_63701_dist_100749.72m.txt
2025-10-20 06:00:37 [INFO] swan.Westport: 🟢 Saved node_63812_dist_104592.02m.txt
2025-10-20 06:00:37 [INFO] swan.Westport: 🟢 Saved node_63864_dist_108084.96m.txt
2025-10-20 06:00:37 [INFO] swan.Westport: 🟢 Saved node_63881_dist_112276.46m.txt
2025-10-20 06:00:37 [INFO] swan.Westport: 🟢 Saved node_87755_dist_115070.88m.txt
2025-10-20 06:00:37 [INFO] swan.Westport: 🟢 Saved node_87752_dist_118664.68m.txt
2025-10-20 06:00:37 [INFO] swan.Westport: 🟢 Saved node_64134_dist_121745.06m.txt
2025-10-20 06:00:38 [INFO] swan.Westport: 🟢 Saved node_87799_dist_125338.78m.txt
2025-10-20 06:00:38 [INFO] swan.Westport: 🟢 Saved node_64252_dist_128419.00m.txt
2025-10-20 06:00:38 [INFO] swan.Westport: 🟢 Saved node_98928_dist_131242.59m.txt
2025-10-20 06:00:38 [INFO] swan.Westport: 🟢 Saved node_63190_dist_134066.16m.txt
2025-10-20 06:00:38 [INFO] swan.Westport: 🟢 Saved node_87613_dist_137146.29m.txt
2025-10-20 06:00:38 [INFO] swan.Westport: 🟢 Saved node_29506_dist_139713.13m.txt
2025-10-20 06:00:38 [INFO] swan.Westport: 🟢 Saved node_29313_dist_143049.97m.txt
2025-10-20 06:00:38 [INFO] swan.Westport: 🟢 Saved node_84536_dist_145103.33m.txt
2025-10-20 06:00:38 [INFO] swan.Westport: 🟢 Saved node_24150_dist_147561.81m.txt
2025-10-20 06:00:38 [INFO] swan.Westport: ✅ Boundary list saved: /media/o2met/Project/swanpipe/prepcases/Westport_202106050000_202106160000/boundary_list.txt
2025-10-20 06:00:38 [INFO] swan.Westport: ✅ Saved coordinates: /media/o2met/Project/swanpipe/prepcases/Westport_202106050000_202106160000/selected_node_coords.txt
2025-10-20 06:00:38 [INFO] swan.Westport: Preparing SWAN run folder: /media/o2met/Project/swanpipe/prepcases/Westport_202106050000_202106160000
2025-10-20 06:00:57 [INFO] swan.Westport: Preparing SWAN .swn file
2025-10-20 06:00:57 [INFO] swan.Westport: Included 50 boundary files from boundary_list.txt
2025-10-20 06:00:57 [INFO] swan.Westport: Included Barrac2_2021_06_03_0000_to_2021_06_18_0000.dat wind file
2025-10-20 06:00:57 [INFO] swan.Westport: SWAN input file written → /media/o2met/Project/swanpipe/prepcases/Westport_202106050000_202106160000/Westport.swn
2025-10-20 06:00:57 [INFO] swan.Westport: Starting SWAN for project: Westport
2025-10-20 06:00:57 [INFO] swan.Westport: Simulation period: 2021-06-05_00-00 → 2021-06-16_00-00
2025-10-20 06:00:57 [INFO] swan.Westport: Working directory: /media/o2met/Project/swanpipe/prepcases/Westport_202106050000_202106160000
2025-10-20 06:00:57 [INFO] swan.Westport: Command: /usr/bin/time -p ./swanrun -input Westport -omp 88
2025-10-20 10:21:16 [INFO] swan.Westport: SWAN finished successfully in 260.32 minutes.
2025-10-20 10:21:16 [INFO] swan.Westport: ▶ Starting post-processing for Westport
2025-10-20 10:21:16 [INFO] swan.Westport: ✅ Using VTU file: Westport_239.vtu for time 2021-06-14 22:00:00
2025-10-20 10:21:24 [INFO] swan.Westport: ✅ Post-processing completed successfully. Figure saved as Westport_wave_fields_239_20210614220000.png
2025-10-20 10:21:24 [INFO] swan.Westport: Reading SWAN output from /media/o2met/Project/swanpipe/prepcases/Westport_202106050000_202106160000/Westport.tab
2025-10-20 10:21:24 [INFO] swan.Westport: SWAN output read successfully for 265 timesteps, using location 1 of 12
2025-10-20 10:21:24 [INFO] swan.Westport: Reading observation files
2025-10-20 10:21:25 [INFO] swan.Westport: Filtered observation data to 529 points between 2021-06-05 00:00:00 and 2021-06-16 00:00:00: note that hs/tp is for total, dir is for swell
2025-10-20 10:21:25 [INFO] swan.Westport: Merging model and observation datasets by time
2025-10-20 10:21:25 [INFO] swan.Westport: Skill metrics for Hs: Bias=0.580, RMSE=0.902, MAE=0.593, SI=0.367, Corr=0.775, Willmott=0.798, RelBias(%)=23.603
2025-10-20 10:21:25 [INFO] swan.Westport: Skill metrics for Tp: Bias=0.473, RMSE=2.278, MAE=1.626, SI=0.181, Corr=0.416, Willmott=0.578, RelBias(%)=3.764
2025-10-20 10:21:25 [INFO] swan.Westport: Skill metrics for Dir: Bias=-4.792, RMSE=27.294, MAE=17.762, SI=0.106, Corr=0.404, Willmott=0.576, RelBias(%)=-1.865
2025-10-20 10:21:26 [INFO] swan.Westport: ✅ Validation figure saved: /media/o2met/Project/swanpipe/postprocess/Westport_202106050000_202106160000/SWAN_Validation_Rottnest.png
2025-10-20 10:21:26 [INFO] swan.Westport: ✅ Validation process completed successfully
2025-10-21 03:10:10 [INFO] swan.Westport: ▶ Starting post-processing for Westport
2025-10-21 03:10:10 [INFO] swan.Westport: ✅ Using VTU file: Westport_239.vtu for time 2021-06-14 22:00:00
2025-10-21 03:10:17 [INFO] swan.Westport: ✅ Post-processing completed successfully. Figure saved as Westport_wave_fields_239_20210614220000.png
2025-10-21 03:10:17 [INFO] swan.Westport: Reading SWAN output from /media/o2met/Project/swanpipe/prepcases/Westport_202106050000_202106160000/Westport.tab
2025-10-21 03:10:18 [INFO] swan.Westport: SWAN output read successfully for 265 timesteps, using location 1 of 12
2025-10-21 03:10:18 [INFO] swan.Westport: Reading observation files
2025-10-21 03:10:19 [INFO] swan.Westport: Filtered observation data to 529 points between 2021-06-05 00:00:00 and 2021-06-16 00:00:00: note that hs/tp is for total, dir is for swell
2025-10-21 03:10:19 [INFO] swan.Westport: Merging model and observation datasets by time
2025-10-21 03:10:19 [INFO] swan.Westport: Skill metrics for Hs: Bias=0.580, RMSE=0.902, MAE=0.593, SI=0.367, Corr=0.775, Willmott=0.798, RelBias(%)=23.603
2025-10-21 03:10:19 [INFO] swan.Westport: Skill metrics for Tp: Bias=0.473, RMSE=2.278, MAE=1.626, SI=0.181, Corr=0.416, Willmott=0.578, RelBias(%)=3.764
2025-10-21 03:10:19 [INFO] swan.Westport: Skill metrics for Dir: Bias=-4.792, RMSE=27.294, MAE=17.762, SI=0.106, Corr=0.404, Willmott=0.576, RelBias(%)=-1.865
2025-10-21 03:10:19 [INFO] swan.Westport: ✅ Validation figure saved: /media/o2met/Project/swanpipe/postprocess/Westport_202106050000_202106160000/SWAN_Validation_Rottnest.png
2025-10-21 03:10:19 [INFO] swan.Westport: ✅ Validation process completed successfully
2025-10-21 03:18:01 [INFO] swan.Westport: ▶ Starting post-processing for Westport
2025-10-21 03:18:01 [INFO] swan.Westport: ✅ Using VTU file: Westport_239.vtu for time 2021-06-14 22:00:00
2025-10-21 03:18:09 [INFO] swan.Westport: ✅ Post-processing completed successfully. Figure saved as Westport_wave_fields_239_20210614220000.png
2025-10-21 03:18:09 [INFO] swan.Westport: Reading SWAN output from /media/o2met/Project/swanpipe/prepcases/Westport_202106050000_202106160000/Westport.tab
2025-10-21 03:18:09 [INFO] swan.Westport: SWAN output read successfully for 265 timesteps, using location 1 of 12
2025-10-21 03:18:09 [INFO] swan.Westport: Reading observation files
2025-10-21 03:18:10 [INFO] swan.Westport: Filtered observation data to 529 points between 2021-06-05 00:00:00 and 2021-06-16 00:00:00: note that hs/tp is for total, dir is for swell
2025-10-21 03:18:10 [INFO] swan.Westport: Merging model and observation datasets by time
2025-10-21 03:18:10 [INFO] swan.Westport: Skill metrics for Hs: Bias=0.580, RMSE=0.902, MAE=0.593, SI=0.367, Corr=0.775, Willmott=0.798, RelBias(%)=23.603
2025-10-21 03:18:10 [INFO] swan.Westport: Skill metrics for Tp: Bias=0.473, RMSE=2.278, MAE=1.626, SI=0.181, Corr=0.416, Willmott=0.578, RelBias(%)=3.764
2025-10-21 03:18:10 [INFO] swan.Westport: Skill metrics for Dir: Bias=-4.792, RMSE=27.294, MAE=17.762, SI=0.106, Corr=0.404, Willmott=0.576, RelBias(%)=-1.865
2025-10-21 03:18:11 [INFO] swan.Westport: ✅ Validation figure saved: /media/o2met/Project/swanpipe/postprocess/Westport_202106050000_202106160000/SWAN_Validation_Rottnest.png
2025-10-21 03:18:11 [INFO] swan.Westport: ✅ Validation process completed successfully
2025-10-21 03:34:50 [INFO] swan.Westport: ▶ Starting post-processing for Westport
2025-10-21 03:34:50 [INFO] swan.Westport: ✅ Using VTU file: Westport_239.vtu for time 2021-06-14 22:00:00
2025-10-21 03:34:58 [INFO] swan.Westport: ✅ Post-processing completed successfully. Figure saved as Westport_wave_fields_239_20210614220000.png
2025-10-21 03:34:58 [INFO] swan.Westport: Reading SWAN output from /media/o2met/Project/swanpipe/prepcases/Westport_202106050000_202106160000/Westport.tab
2025-10-21 03:34:58 [INFO] swan.Westport: SWAN output read successfully for 265 timesteps, using location 1 of 12
2025-10-21 03:34:58 [INFO] swan.Westport: Reading observation files
2025-10-21 03:34:59 [INFO] swan.Westport: Filtered observation data to 529 points between 2021-06-05 00:00:00 and 2021-06-16 00:00:00: note that hs/tp is for total, dir is for swell
2025-10-21 03:34:59 [INFO] swan.Westport: Merging model and observation datasets by time
2025-10-21 03:34:59 [INFO] swan.Westport: Skill metrics for Hs: Bias=0.580, RMSE=0.902, MAE=0.593, SI=0.367, Corr=0.775, Willmott=0.798, RelBias(%)=23.603
2025-10-21 03:34:59 [INFO] swan.Westport: Skill metrics for Tp: Bias=0.473, RMSE=2.278, MAE=1.626, SI=0.181, Corr=0.416, Willmott=0.578, RelBias(%)=3.764
2025-10-21 03:34:59 [INFO] swan.Westport: Skill metrics for Dir: Bias=-4.792, RMSE=27.294, MAE=17.762, SI=0.106, Corr=0.404, Willmott=0.576, RelBias(%)=-1.865
2025-10-21 03:35:00 [INFO] swan.Westport: ✅ Validation figure saved: /media/o2met/Project/swanpipe/postprocess/Westport_202106050000_202106160000/SWAN_Validation_Rottnest.png
2025-10-21 03:35:00 [INFO] swan.Westport: ✅ Validation process completed successfully
2025-10-21 03:39:04 [INFO] swan.Westport: ▶ Starting post-processing for Westport
2025-10-21 03:39:04 [INFO] swan.Westport: ✅ Using VTU file: Westport_239.vtu for time 2021-06-14 22:00:00
2025-10-21 03:39:12 [INFO] swan.Westport: ✅ Post-processing completed successfully. Figure saved as Westport_wave_fields_239_20210614220000.png
2025-10-21 03:39:12 [INFO] swan.Westport: Reading SWAN output from /media/o2met/Project/swanpipe/prepcases/Westport_202106050000_202106160000/Westport.tab
2025-10-21 03:39:12 [INFO] swan.Westport: SWAN output read successfully for 265 timesteps, using location 1 of 12
2025-10-21 03:39:12 [INFO] swan.Westport: Reading observation files
2025-10-21 03:39:13 [INFO] swan.Westport: Filtered observation data to 529 points between 2021-06-05 00:00:00 and 2021-06-16 00:00:00: note that hs/tp is for total, dir is for swell
2025-10-21 03:39:13 [INFO] swan.Westport: Merging model and observation datasets by time
2025-10-21 03:39:13 [INFO] swan.Westport: Skill metrics for Hs: Bias=0.580, RMSE=0.902, MAE=0.593, SI=0.367, Corr=0.775, Willmott=0.798, RelBias(%)=23.603
2025-10-21 03:39:13 [INFO] swan.Westport: Skill metrics for Tp: Bias=0.473, RMSE=2.278, MAE=1.626, SI=0.181, Corr=0.416, Willmott=0.578, RelBias(%)=3.764
2025-10-21 03:39:13 [INFO] swan.Westport: Skill metrics for Dir: Bias=-4.792, RMSE=27.294, MAE=17.762, SI=0.106, Corr=0.404, Willmott=0.576, RelBias(%)=-1.865
2025-10-21 03:39:14 [INFO] swan.Westport: ✅ Validation figure saved: /media/o2met/Project/swanpipe/postprocess/Westport_202106050000_202106160000/SWAN_Validation_Rottnest.png
2025-10-21 03:39:14 [INFO] swan.Westport: ✅ Validation process completed successfully
2025-10-21 03:49:31 [INFO] swan.Westport: ▶ Starting post-processing for Westport
2025-10-21 03:49:31 [INFO] swan.Westport: ✅ Using VTU file: Westport_239.vtu for time 2021-06-14 22:00:00
2025-10-21 03:49:39 [INFO] swan.Westport: ✅ Post-processing completed successfully. Figure saved as Westport_wave_fields_239_20210614220000.png
2025-10-21 03:49:39 [INFO] swan.Westport: Reading SWAN output from /media/o2met/Project/swanpipe/prepcases/Westport_202106050000_202106160000/Westport.tab
2025-10-21 03:49:39 [WARNING] swan.Westport: Time length mismatch: expected 265 steps, found 263 lines
2025-10-21 03:49:39 [INFO] swan.Westport: SWAN output read successfully for 263 timesteps, using location 1 of 12
2025-10-21 03:49:39 [INFO] swan.Westport: Reading observation files
2025-10-21 03:49:40 [INFO] swan.Westport: Filtered observation data to 529 points between 2021-06-05 00:00:00 and 2021-06-16 00:00:00: note that hs/tp is for total, dir is for swell
2025-10-21 03:49:40 [INFO] swan.Westport: Merging model and observation datasets by time
2025-10-21 03:49:40 [INFO] swan.Westport: Skill metrics for Hs: Bias=0.583, RMSE=0.905, MAE=0.596, SI=0.369, Corr=0.775, Willmott=0.798, RelBias(%)=23.741
2025-10-21 03:49:40 [INFO] swan.Westport: Skill metrics for Tp: Bias=0.484, RMSE=2.285, MAE=1.630, SI=0.182, Corr=0.414, Willmott=0.576, RelBias(%)=3.862
2025-10-21 03:49:40 [INFO] swan.Westport: Skill metrics for Dir: Bias=-4.748, RMSE=27.382, MAE=17.818, SI=0.107, Corr=0.404, Willmott=0.576, RelBias(%)=-1.848
2025-10-21 03:49:40 [INFO] swan.Westport: ✅ Validation figure saved: /media/o2met/Project/swanpipe/postprocess/Westport_202106050000_202106160000/SWAN_Validation_Rottnest.png
2025-10-21 03:49:40 [INFO] swan.Westport: ✅ Validation process completed successfully
2025-10-21 03:52:51 [INFO] swan.Westport: ▶ Starting post-processing for Westport
2025-10-21 03:52:51 [INFO] swan.Westport: ✅ Using VTU file: Westport_239.vtu for time 2021-06-14 22:00:00
2025-10-21 03:52:58 [INFO] swan.Westport: ✅ Post-processing completed successfully. Figure saved as Westport_wave_fields_239_20210614220000.png
2025-10-21 03:52:58 [INFO] swan.Westport: Reading SWAN output from /media/o2met/Project/swanpipe/prepcases/Westport_202106050000_202106160000/Westport.tab
2025-10-21 03:52:58 [WARNING] swan.Westport: Time length mismatch: expected 265 steps, found 241 lines
2025-10-21 03:52:58 [INFO] swan.Westport: SWAN output read successfully for 241 timesteps, using location 1 of 12
2025-10-21 03:52:58 [INFO] swan.Westport: Reading observation files
2025-10-21 03:52:59 [INFO] swan.Westport: Filtered observation data to 529 points between 2021-06-05 00:00:00 and 2021-06-16 00:00:00: note that hs/tp is for total, dir is for swell
2025-10-21 03:52:59 [INFO] swan.Westport: Merging model and observation datasets by time
2025-10-21 03:52:59 [INFO] swan.Westport: Skill metrics for Hs: Bias=0.611, RMSE=0.940, MAE=0.625, SI=0.398, Corr=0.770, Willmott=0.782, RelBias(%)=25.855
2025-10-21 03:52:59 [INFO] swan.Westport: Skill metrics for Tp: Bias=0.570, RMSE=2.355, MAE=1.686, SI=0.190, Corr=0.380, Willmott=0.561, RelBias(%)=4.610
2025-10-21 03:52:59 [INFO] swan.Westport: Skill metrics for Dir: Bias=-3.481, RMSE=27.929, MAE=17.709, SI=0.109, Corr=0.410, Willmott=0.584, RelBias(%)=-1.354
2025-10-21 03:53:00 [INFO] swan.Westport: ✅ Validation figure saved: /media/o2met/Project/swanpipe/postprocess/Westport_202106050000_202106160000/SWAN_Validation_Rottnest.png
2025-10-21 03:53:00 [INFO] swan.Westport: ✅ Validation process completed successfully
