2025-10-16 03:56:44 [INFO] swan.WP: 🌀 Preparing wind data between 2021-04-29 00:00:00 and 2021-06-03 00:00:00
2025-10-16 03:56:44 [INFO] swan.WP: 💾 Output file: /media/o2met/Project/swanpipe/prepcases/WP_202105010000_202106010000/Barrac2_2021_04_29_0000_to_2021_06_03_0000.dat
2025-10-16 03:56:45 [INFO] swan.WP: Lon/lat slice resolution: dx=0.04000°, dy=0.04000°
2025-10-16 03:56:45 [INFO] swan.WP: Target EPSG:7850 resolution: dx=3758.4 m, dy=4434.6 m
2025-10-16 03:56:45 [INFO] swan.WP: New projected grid: nx=23, ny=27
2025-10-16 03:57:00 [INFO] swan.WP: ✅ Interpolated wind data: 841 timesteps, 23 x 27 grid starting/reso as 338532.62917465915, 6403976.356402224, 3758.396647814071, 4434.554447237328, 23, 27
2025-10-16 03:57:00 [INFO] swan.WP: 💨 SWAN wind file written: Barrac2_2021_04_29_0000_to_2021_06_03_0000.dat
2025-10-16 03:57:01 [INFO] swan.WP: ✅ Read 327 open boundary nodes from fort.14
2025-10-16 03:57:02 [INFO] swan.WP: ✅ Selected 50 evenly spaced boundary nodes
2025-10-16 03:57:02 [INFO] swan.WP: ✅ Found 34 NetCDF files covering requested period
2025-10-16 03:58:55 [INFO] swan.WP: 🟢 Saved node_23658_dist_601.24m.txt
2025-10-16 03:58:55 [INFO] swan.WP: 🟢 Saved node_85308_dist_2405.15m.txt
2025-10-16 03:58:55 [INFO] swan.WP: 🟢 Saved node_86684_dist_4810.32m.txt
2025-10-16 03:58:55 [INFO] swan.WP: 🟢 Saved node_99101_dist_7616.35m.txt
2025-10-16 03:58:56 [INFO] swan.WP: 🟢 Saved node_88531_dist_10021.56m.txt
2025-10-16 03:58:56 [INFO] swan.WP: 🟢 Saved node_64386_dist_12827.63m.txt
2025-10-16 03:58:56 [INFO] swan.WP: 🟢 Saved node_65079_dist_15232.89m.txt
2025-10-16 03:58:56 [INFO] swan.WP: 🟢 Saved node_99444_dist_18039.01m.txt
2025-10-16 03:58:56 [INFO] swan.WP: 🟢 Saved node_65373_dist_21429.75m.txt
2025-10-16 03:58:56 [INFO] swan.WP: 🟢 Saved node_65412_dist_24781.65m.txt
2025-10-16 03:58:56 [INFO] swan.WP: 🟢 Saved node_99310_dist_27388.14m.txt
2025-10-16 03:58:56 [INFO] swan.WP: 🟢 Saved node_64376_dist_31243.91m.txt
2025-10-16 03:58:56 [INFO] swan.WP: 🟢 Saved node_65299_dist_34038.03m.txt
2025-10-16 03:58:56 [INFO] swan.WP: 🟢 Saved node_65483_dist_37530.62m.txt
2025-10-16 03:58:56 [INFO] swan.WP: 🟢 Saved node_88367_dist_40674.00m.txt
2025-10-16 03:58:56 [INFO] swan.WP: 🟢 Saved node_99290_dist_43118.90m.txt
2025-10-16 03:58:56 [INFO] swan.WP: 🟢 Saved node_64669_dist_46262.19m.txt
2025-10-16 03:58:56 [INFO] swan.WP: 🟢 Saved node_65073_dist_48707.11m.txt
2025-10-16 03:58:56 [INFO] swan.WP: 🟢 Saved node_102097_dist_52898.27m.txt
2025-10-16 03:58:56 [INFO] swan.WP: 🟢 Saved node_99187_dist_56740.32m.txt
2025-10-16 03:58:56 [INFO] swan.WP: 🟢 Saved node_99279_dist_60582.27m.txt
2025-10-16 03:58:56 [INFO] swan.WP: 🟢 Saved node_64680_dist_64075.00m.txt
2025-10-16 03:58:56 [INFO] swan.WP: 🟢 Saved node_87401_dist_66519.98m.txt
2025-10-16 03:58:56 [INFO] swan.WP: 🟢 Saved node_29331_dist_68964.86m.txt
2025-10-16 03:58:56 [INFO] swan.WP: 🟢 Saved node_61825_dist_71409.86m.txt
2025-10-16 03:58:56 [INFO] swan.WP: 🟢 Saved node_99090_dist_73505.50m.txt
2025-10-16 03:58:56 [INFO] swan.WP: 🟢 Saved node_29476_dist_76299.78m.txt
2025-10-16 03:58:56 [INFO] swan.WP: 🟢 Saved node_63328_dist_78395.43m.txt
2025-10-16 03:58:56 [INFO] swan.WP: 🟢 Saved node_64351_dist_82237.50m.txt
2025-10-16 03:58:56 [INFO] swan.WP: 🟢 Saved node_87993_dist_85031.81m.txt
2025-10-16 03:58:56 [INFO] swan.WP: 🟢 Saved node_86588_dist_88524.65m.txt
2025-10-16 03:58:56 [INFO] swan.WP: 🟢 Saved node_99143_dist_91668.24m.txt
2025-10-16 03:58:56 [INFO] swan.WP: 🟢 Saved node_99377_dist_95161.11m.txt
2025-10-16 03:58:56 [INFO] swan.WP: 🟢 Saved node_86595_dist_97955.47m.txt
2025-10-16 03:58:57 [INFO] swan.WP: 🟢 Saved node_63701_dist_100749.72m.txt
2025-10-16 03:58:57 [INFO] swan.WP: 🟢 Saved node_63812_dist_104592.02m.txt
2025-10-16 03:58:57 [INFO] swan.WP: 🟢 Saved node_63864_dist_108084.96m.txt
2025-10-16 03:58:57 [INFO] swan.WP: 🟢 Saved node_63881_dist_112276.46m.txt
2025-10-16 03:58:57 [INFO] swan.WP: 🟢 Saved node_87755_dist_115070.88m.txt
2025-10-16 03:58:57 [INFO] swan.WP: 🟢 Saved node_87752_dist_118664.68m.txt
2025-10-16 03:58:57 [INFO] swan.WP: 🟢 Saved node_64134_dist_121745.06m.txt
2025-10-16 03:58:57 [INFO] swan.WP: 🟢 Saved node_87799_dist_125338.78m.txt
2025-10-16 03:58:57 [INFO] swan.WP: 🟢 Saved node_64252_dist_128419.00m.txt
2025-10-16 03:58:57 [INFO] swan.WP: 🟢 Saved node_98928_dist_131242.59m.txt
2025-10-16 03:58:57 [INFO] swan.WP: 🟢 Saved node_63190_dist_134066.16m.txt
2025-10-16 03:58:57 [INFO] swan.WP: 🟢 Saved node_87613_dist_137146.29m.txt
2025-10-16 03:58:57 [INFO] swan.WP: 🟢 Saved node_29506_dist_139713.13m.txt
2025-10-16 03:58:57 [INFO] swan.WP: 🟢 Saved node_29313_dist_143049.97m.txt
2025-10-16 03:58:57 [INFO] swan.WP: 🟢 Saved node_84536_dist_145103.33m.txt
2025-10-16 03:58:57 [INFO] swan.WP: 🟢 Saved node_24150_dist_147561.81m.txt
2025-10-16 03:58:57 [INFO] swan.WP: ✅ Boundary list saved: /media/o2met/Project/swanpipe/prepcases/WP_202105010000_202106010000/boundary_list.txt
2025-10-16 03:58:57 [INFO] swan.WP: ✅ Saved coordinates: /media/o2met/Project/swanpipe/prepcases/WP_202105010000_202106010000/selected_node_coords.txt
2025-10-16 03:58:57 [INFO] swan.WP: Preparing SWAN run folder: /media/o2met/Project/swanpipe/prepcases/WP_202105010000_202106010000
2025-10-16 03:58:58 [INFO] swan.WP: Preparing SWAN .swn file
2025-10-16 03:58:58 [INFO] swan.WP: Included 50 boundary files from boundary_list.txt
2025-10-16 03:58:58 [INFO] swan.WP: Included Barrac2_2021_04_29_0000_to_2021_06_03_0000.dat wind file
2025-10-16 03:58:58 [INFO] swan.WP: SWAN input file written → /media/o2met/Project/swanpipe/prepcases/WP_202105010000_202106010000/Westport.swn
2025-10-16 03:58:58 [INFO] swan.WP: Starting SWAN for project: Westport
2025-10-16 03:58:58 [INFO] swan.WP: Simulation period: 2021-05-01_00-00 → 2021-06-01_00-00
2025-10-16 03:58:58 [INFO] swan.WP: Working directory: /media/o2met/Project/swanpipe/prepcases/WP_202105010000_202106010000
2025-10-16 03:58:58 [INFO] swan.WP: Command: /usr/bin/time -p ./swanrun -input Westport -omp 88
2025-10-16 04:35:44 [INFO] swan.WP: 🌀 Preparing wind data between 2021-04-29 00:00:00 and 2021-06-03 00:00:00
2025-10-16 04:35:44 [INFO] swan.WP: 💾 Output file: /media/o2met/Project/swanpipe/prepcases/WP_202105010000_202106010000/Barrac2_2021_04_29_0000_to_2021_06_03_0000.dat
2025-10-16 04:35:45 [INFO] swan.WP: Lon/lat slice resolution: dx=0.04000°, dy=0.04000°
2025-10-16 04:35:45 [INFO] swan.WP: Target EPSG:7850 resolution: dx=3758.4 m, dy=4434.6 m
2025-10-16 04:35:45 [INFO] swan.WP: New projected grid: nx=23, ny=27
2025-10-16 04:35:58 [INFO] swan.WP: ✅ Interpolated wind data: 841 timesteps, 23 x 27 grid starting/reso as 338532.62917465915, 6403976.356402224, 3758.396647814071, 4434.554447237328, 23, 27
2025-10-16 04:35:58 [INFO] swan.WP: 💨 SWAN wind file written: Barrac2_2021_04_29_0000_to_2021_06_03_0000.dat
2025-10-16 04:35:58 [INFO] swan.WP: ✅ Read 327 open boundary nodes from fort.14
2025-10-16 04:35:59 [INFO] swan.WP: ✅ Selected 50 evenly spaced boundary nodes
2025-10-16 04:35:59 [INFO] swan.WP: ✅ Found 34 NetCDF files covering requested period
2025-10-16 04:37:31 [INFO] swan.WP: 🟢 Saved node_23658_dist_601.24m.txt
2025-10-16 04:37:31 [INFO] swan.WP: 🟢 Saved node_85308_dist_2405.15m.txt
2025-10-16 04:37:31 [INFO] swan.WP: 🟢 Saved node_86684_dist_4810.32m.txt
2025-10-16 04:37:31 [INFO] swan.WP: 🟢 Saved node_99101_dist_7616.35m.txt
2025-10-16 04:37:31 [INFO] swan.WP: 🟢 Saved node_88531_dist_10021.56m.txt
2025-10-16 04:37:31 [INFO] swan.WP: 🟢 Saved node_64386_dist_12827.63m.txt
2025-10-16 04:37:31 [INFO] swan.WP: 🟢 Saved node_65079_dist_15232.89m.txt
2025-10-16 04:37:31 [INFO] swan.WP: 🟢 Saved node_99444_dist_18039.01m.txt
2025-10-16 04:37:31 [INFO] swan.WP: 🟢 Saved node_65373_dist_21429.75m.txt
2025-10-16 04:37:31 [INFO] swan.WP: 🟢 Saved node_65412_dist_24781.65m.txt
2025-10-16 04:37:31 [INFO] swan.WP: 🟢 Saved node_99310_dist_27388.14m.txt
2025-10-16 04:37:31 [INFO] swan.WP: 🟢 Saved node_64376_dist_31243.91m.txt
2025-10-16 04:37:31 [INFO] swan.WP: 🟢 Saved node_65299_dist_34038.03m.txt
2025-10-16 04:37:31 [INFO] swan.WP: 🟢 Saved node_65483_dist_37530.62m.txt
2025-10-16 04:37:31 [INFO] swan.WP: 🟢 Saved node_88367_dist_40674.00m.txt
2025-10-16 04:37:31 [INFO] swan.WP: 🟢 Saved node_99290_dist_43118.90m.txt
2025-10-16 04:37:31 [INFO] swan.WP: 🟢 Saved node_64669_dist_46262.19m.txt
2025-10-16 04:37:31 [INFO] swan.WP: 🟢 Saved node_65073_dist_48707.11m.txt
2025-10-16 04:37:31 [INFO] swan.WP: 🟢 Saved node_102097_dist_52898.27m.txt
2025-10-16 04:37:31 [INFO] swan.WP: 🟢 Saved node_99187_dist_56740.32m.txt
2025-10-16 04:37:31 [INFO] swan.WP: 🟢 Saved node_99279_dist_60582.27m.txt
2025-10-16 04:37:31 [INFO] swan.WP: 🟢 Saved node_64680_dist_64075.00m.txt
2025-10-16 04:37:32 [INFO] swan.WP: 🟢 Saved node_87401_dist_66519.98m.txt
2025-10-16 04:37:32 [INFO] swan.WP: 🟢 Saved node_29331_dist_68964.86m.txt
2025-10-16 04:37:32 [INFO] swan.WP: 🟢 Saved node_61825_dist_71409.86m.txt
2025-10-16 04:37:32 [INFO] swan.WP: 🟢 Saved node_99090_dist_73505.50m.txt
2025-10-16 04:37:32 [INFO] swan.WP: 🟢 Saved node_29476_dist_76299.78m.txt
2025-10-16 04:37:32 [INFO] swan.WP: 🟢 Saved node_63328_dist_78395.43m.txt
2025-10-16 04:37:32 [INFO] swan.WP: 🟢 Saved node_64351_dist_82237.50m.txt
2025-10-16 04:37:32 [INFO] swan.WP: 🟢 Saved node_87993_dist_85031.81m.txt
2025-10-16 04:37:32 [INFO] swan.WP: 🟢 Saved node_86588_dist_88524.65m.txt
2025-10-16 04:37:32 [INFO] swan.WP: 🟢 Saved node_99143_dist_91668.24m.txt
2025-10-16 04:37:32 [INFO] swan.WP: 🟢 Saved node_99377_dist_95161.11m.txt
2025-10-16 04:37:32 [INFO] swan.WP: 🟢 Saved node_86595_dist_97955.47m.txt
2025-10-16 04:37:32 [INFO] swan.WP: 🟢 Saved node_63701_dist_100749.72m.txt
2025-10-16 04:37:32 [INFO] swan.WP: 🟢 Saved node_63812_dist_104592.02m.txt
2025-10-16 04:37:32 [INFO] swan.WP: 🟢 Saved node_63864_dist_108084.96m.txt
2025-10-16 04:37:32 [INFO] swan.WP: 🟢 Saved node_63881_dist_112276.46m.txt
2025-10-16 04:37:32 [INFO] swan.WP: 🟢 Saved node_87755_dist_115070.88m.txt
2025-10-16 04:37:32 [INFO] swan.WP: 🟢 Saved node_87752_dist_118664.68m.txt
2025-10-16 04:37:32 [INFO] swan.WP: 🟢 Saved node_64134_dist_121745.06m.txt
2025-10-16 04:37:32 [INFO] swan.WP: 🟢 Saved node_87799_dist_125338.78m.txt
2025-10-16 04:37:32 [INFO] swan.WP: 🟢 Saved node_64252_dist_128419.00m.txt
2025-10-16 04:37:32 [INFO] swan.WP: 🟢 Saved node_98928_dist_131242.59m.txt
2025-10-16 04:37:32 [INFO] swan.WP: 🟢 Saved node_63190_dist_134066.16m.txt
2025-10-16 04:37:32 [INFO] swan.WP: 🟢 Saved node_87613_dist_137146.29m.txt
2025-10-16 04:37:33 [INFO] swan.WP: 🟢 Saved node_29506_dist_139713.13m.txt
2025-10-16 04:37:33 [INFO] swan.WP: 🟢 Saved node_29313_dist_143049.97m.txt
2025-10-16 04:37:33 [INFO] swan.WP: 🟢 Saved node_84536_dist_145103.33m.txt
2025-10-16 04:37:33 [INFO] swan.WP: 🟢 Saved node_24150_dist_147561.81m.txt
2025-10-16 04:37:33 [INFO] swan.WP: ✅ Boundary list saved: /media/o2met/Project/swanpipe/prepcases/WP_202105010000_202106010000/boundary_list.txt
2025-10-16 04:37:33 [INFO] swan.WP: ✅ Saved coordinates: /media/o2met/Project/swanpipe/prepcases/WP_202105010000_202106010000/selected_node_coords.txt
2025-10-16 04:37:33 [INFO] swan.WP: Removing existing folder: /media/o2met/Project/swanpipe/prepcases/WP_202105010000_202106010000/Westport_output
2025-10-16 04:37:33 [INFO] swan.WP: Preparing SWAN run folder: /media/o2met/Project/swanpipe/prepcases/WP_202105010000_202106010000
2025-10-16 04:37:33 [INFO] swan.WP: Preparing SWAN .swn file
2025-10-16 04:37:33 [INFO] swan.WP: Included 50 boundary files from boundary_list.txt
2025-10-16 04:37:33 [INFO] swan.WP: Included Barrac2_2021_04_29_0000_to_2021_06_03_0000.dat wind file
2025-10-16 04:37:33 [INFO] swan.WP: SWAN input file written → /media/o2met/Project/swanpipe/prepcases/WP_202105010000_202106010000/Westport.swn
2025-10-16 04:37:33 [INFO] swan.WP: Starting SWAN for project: Westport
2025-10-16 04:37:33 [INFO] swan.WP: Simulation period: 2021-05-01_00-00 → 2021-06-01_00-00
2025-10-16 04:37:33 [INFO] swan.WP: Working directory: /media/o2met/Project/swanpipe/prepcases/WP_202105010000_202106010000
2025-10-16 04:37:33 [INFO] swan.WP: Command: /usr/bin/time -p ./swanrun -input Westport -omp 88
2025-10-16 06:59:23 [INFO] swan.WP: Reading SWAN output from /media/o2met/Project/swanpipe/prepcases/WP_202105010000_202106010000
2025-10-16 06:59:23 [ERROR] swan.WP: Failed to read SWAN output: [Errno 21] Is a directory: '/media/o2met/Project/swanpipe/prepcases/WP_202105010000_202106010000'
2025-10-16 07:13:18 [INFO] swan.WP: Reading SWAN output from /media/o2met/Project/swanpipe/prepcases/WP_202105010000_202106010000/Westport_output
2025-10-16 07:13:18 [ERROR] swan.WP: Failed to read SWAN output: [Errno 21] Is a directory: '/media/o2met/Project/swanpipe/prepcases/WP_202105010000_202106010000/Westport_output'
2025-10-16 12:18:53 [INFO] swan.WP: SWAN finished successfully in 461.32 minutes.
2025-10-16 12:18:53 [INFO] swan.WP: ▶ Starting post-processing for WP
2025-10-17 01:55:46 [INFO] swan.WP: Reading SWAN output from /media/o2met/Project/swanpipe/prepcases/WP_202105010000_202106010000/WP.tab
2025-10-17 01:55:46 [ERROR] swan.WP: Failed to read SWAN output: [Errno 2] No such file or directory: '/media/o2met/Project/swanpipe/prepcases/WP_202105010000_202106010000/WP.tab'
